<?xml version="1.0" encoding="UTF-8"?>
<!-- Generated by org.testng.reporters.JUnitReportReporter -->
<testsuite hostname="MacBook-Air.local" name="TestNGprog.Smoke" tests="6" failures="0" timestamp="3 May 2020 10:40:05 GMT" time="0.030" errors="0">
  <testcase name="test4" time="0.001" classname="TestNGprog.Smoke"/>
  <testcase name="test2" time="0.001" classname="TestNGprog.Smoke"/>
  <testcase name="test5" time="0.001" classname="TestNGprog.Smoke"/>
  <testcase name="test6" time="0.001" classname="TestNGprog.Smoke"/>
  <testcase name="test1" time="0.025" classname="TestNGprog.Smoke"/>
  <testcase name="test3" time="0.001" classname="TestNGprog.Smoke"/>
</testsuite> <!-- TestNGprog.Smoke -->
