<?xml version="1.0" encoding="UTF-8"?>
<!-- Generated by org.testng.reporters.JUnitReportReporter -->
<testsuite hostname="MacBook-Air.local" name="TestNGprog.Dataproviderex" tests="2" failures="0" timestamp="23 Feb 2021 16:34:43 GMT" time="22.398" errors="0">
  <testcase name="login" time="13.872" classname="TestNGprog.Dataproviderex"/>
  <testcase name="login" time="8.526" classname="TestNGprog.Dataproviderex"/>
</testsuite> <!-- TestNGprog.Dataproviderex -->
