<?xml version="1.0" encoding="UTF-8"?>
<!-- Generated by org.testng.reporters.JUnitReportReporter -->
<testsuite hostname="MacBook-Air.local" name="TestNGprog.SkipaParticularTestCase" tests="5" failures="0" timestamp="20 May 2020 13:31:11 GMT" time="0.009" errors="0">
  <testcase name="SecondGear" time="0.003" classname="TestNGprog.SkipaParticularTestCase"/>
  <testcase name="ThirdGear" time="0.001" classname="TestNGprog.SkipaParticularTestCase"/>
  <testcase name="StarttheCar" time="0.002" classname="TestNGprog.SkipaParticularTestCase"/>
  <testcase name="FirstGear" time="0.002" classname="TestNGprog.SkipaParticularTestCase"/>
  <testcase name="FourthGear" time="0.001" classname="TestNGprog.SkipaParticularTestCase"/>
</testsuite> <!-- TestNGprog.SkipaParticularTestCase -->
