<?xml version="1.0" encoding="UTF-8"?>
<!-- Generated by org.testng.reporters.JUnitReportReporter -->
<testsuite hostname="MacBook-Air.local" name="TestNGprog.SampleTestCase" tests="4" failures="0" timestamp="19 Feb 2021 12:00:55 GMT" time="0.024" errors="0">
  <testcase name="TestCase4" time="0.001" classname="TestNGprog.SampleTestCase"/>
  <testcase name="TestCase2" time="0.001" classname="TestNGprog.SampleTestCase"/>
  <testcase name="TestCase1" time="0.021" classname="TestNGprog.SampleTestCase"/>
  <testcase name="TestCase3" time="0.001" classname="TestNGprog.SampleTestCase"/>
</testsuite> <!-- TestNGprog.SampleTestCase -->
