<?xml version="1.0" encoding="UTF-8"?>
<!-- Generated by org.testng.reporters.JUnitReportReporter -->
<testsuite hostname="MacBook-Air.local" name="TestNGprog.GroupingConcept" tests="4" failures="0" timestamp="22 Feb 2021 12:54:01 GMT" time="0.019" errors="0">
  <testcase name="Samsung2" time="0.001" classname="TestNGprog.GroupingConcept"/>
  <testcase name="Nokia1" time="0.016" classname="TestNGprog.GroupingConcept"/>
  <testcase name="Nokia2" time="0.001" classname="TestNGprog.GroupingConcept"/>
  <testcase name="Samsung1" time="0.001" classname="TestNGprog.GroupingConcept"/>
</testsuite> <!-- TestNGprog.GroupingConcept -->
