<?xml version="1.0" encoding="UTF-8"?>
<!-- Generated by org.testng.reporters.JUnitReportReporter -->
<testsuite hostname="MacBook-Air.local" name="TestNGprog.Company" tests="3" failures="0" timestamp="3 May 2020 10:49:39 GMT" time="0.018" errors="0">
  <testcase name="test6" time="0.001" classname="TestNGprog.Company"/>
  <testcase name="test1" time="0.016" classname="TestNGprog.Company"/>
  <testcase name="test3" time="0.001" classname="TestNGprog.Company"/>
</testsuite> <!-- TestNGprog.Company -->
