<?xml version="1.0" encoding="UTF-8"?>
<!-- Generated by org.testng.reporters.JUnitReportReporter -->
<testsuite hostname="MacBook-Air.local" name="TestNGprog.Dependencies" tests="3" failures="0" timestamp="20 Feb 2021 16:39:43 GMT" time="0.022" errors="0">
  <testcase name="highersecondary" time="0.002" classname="TestNGprog.Dependencies"/>
  <testcase name="highschool" time="0.016" classname="TestNGprog.Dependencies"/>
  <testcase name="college" time="0.004" classname="TestNGprog.Dependencies"/>
</testsuite> <!-- TestNGprog.Dependencies -->
